<?xml version="1.0" encoding="UTF-8"?>
<!-- Generated by org.testng.reporters.JUnitReportReporter -->
<testsuite skipped="0" hostname="a1ml29598" name="test.TestOne" tests="2" failures="0" timestamp="06 Jul 2019 14:30:46 GMT" time="12.220" errors="0">
  <testcase name="validateCredentialsOfUser" time="1.869" classname="test.TestOne"/>
  <testcase name="bookTicket" time="10.351" classname="test.TestOne"/>
</testsuite> <!-- test.TestOne -->
